This file contains any messages produced by compilers while
running configure, to aid debugging if configure makes a mistake.

It was created by Google C++ Testing Framework configure 1.7.0, which was
generated by GNU Autoconf 2.69.  Invocation command line was

<<<<<<< HEAD
  $ ./configure --disable-option-checking --prefix=/usr/local --cache-file=/dev/null --srcdir=.
=======
  $ ./configure --disable-option-checking --prefix=/usr/local --cache-file=/dev/null --srcdir=. --no-create --no-recursion
>>>>>>> dev

## --------- ##
## Platform. ##
## --------- ##

<<<<<<< HEAD
hostname = AMD-V
=======
hostname = ma-siat
>>>>>>> dev
uname -m = x86_64
uname -r = 4.15.0-42-generic
uname -s = Linux
uname -v = #45~16.04.1-Ubuntu SMP Mon Nov 19 13:02:27 UTC 2018

/usr/bin/uname -p = unknown
/bin/uname -X     = unknown

/bin/arch              = unknown
/usr/bin/arch -k       = unknown
/usr/convex/getsysinfo = unknown
/usr/bin/hostinfo      = unknown
/bin/machine           = unknown
/usr/bin/oslevel       = unknown
/bin/universe          = unknown

<<<<<<< HEAD
PATH: /home/lemaker/bin
PATH: /home/lemaker/.local/bin
PATH: /home/lemaker/software/sbt/bin
PATH: /usr/local/jdk1.8.0_191/bin
PATH: /usr/local/jdk1.8.0_191/jre/bin
PATH: /home/lemaker/bin
PATH: /home/lemaker/.local/bin
PATH: /home/lemaker/software/sbt/bin
PATH: /usr/local/jdk1.8.0_191/bin
PATH: /usr/local/jdk1.8.0_191/jre/bin
=======
PATH: /home/marcie/bin
PATH: /home/marcie/.local/bin
PATH: /home/marcie/open-source/hadoop-2.7.5/bin
PATH: /home/marcie/open-source/hadoop-2.7.5/sbin
PATH: .
PATH: /usr/local/jdk1.8.0_191/bin
>>>>>>> dev
PATH: /usr/local/sbin
PATH: /usr/local/bin
PATH: /usr/sbin
PATH: /usr/bin
PATH: /sbin
PATH: /bin
PATH: /usr/games
PATH: /usr/local/games
PATH: /snap/bin


## ----------- ##
## Core tests. ##
## ----------- ##

configure:2323: checking for a BSD-compatible install
configure:2391: result: /usr/bin/install -c
configure:2402: checking whether build environment is sane
configure:2452: result: yes
configure:2593: checking for a thread-safe mkdir -p
configure:2632: result: /bin/mkdir -p
configure:2645: checking for gawk
<<<<<<< HEAD
configure:2675: result: no
configure:2645: checking for mawk
configure:2661: found /usr/bin/mawk
configure:2672: result: mawk
=======
configure:2661: found /usr/bin/gawk
configure:2672: result: gawk
>>>>>>> dev
configure:2683: checking whether make sets $(MAKE)
configure:2705: result: yes
configure:2835: checking for gcc
configure:2851: found /usr/bin/gcc
configure:2862: result: gcc
configure:3091: checking for C compiler version
configure:3100: gcc --version >&5
gcc (Ubuntu 5.4.0-6ubuntu1~16.04.10) 5.4.0 20160609
Copyright (C) 2015 Free Software Foundation, Inc.
This is free software; see the source for copying conditions.  There is NO
warranty; not even for MERCHANTABILITY or FITNESS FOR A PARTICULAR PURPOSE.

configure:3111: $? = 0
configure:3100: gcc -v >&5
Using built-in specs.
COLLECT_GCC=gcc
COLLECT_LTO_WRAPPER=/usr/lib/gcc/x86_64-linux-gnu/5/lto-wrapper
Target: x86_64-linux-gnu
Configured with: ../src/configure -v --with-pkgversion='Ubuntu 5.4.0-6ubuntu1~16.04.10' --with-bugurl=file:///usr/share/doc/gcc-5/README.Bugs --enable-languages=c,ada,c++,java,go,d,fortran,objc,obj-c++ --prefix=/usr --program-suffix=-5 --enable-shared --enable-linker-build-id --libexecdir=/usr/lib --without-included-gettext --enable-threads=posix --libdir=/usr/lib --enable-nls --with-sysroot=/ --enable-clocale=gnu --enable-libstdcxx-debug --enable-libstdcxx-time=yes --with-default-libstdcxx-abi=new --enable-gnu-unique-object --disable-vtable-verify --enable-libmpx --enable-plugin --with-system-zlib --disable-browser-plugin --enable-java-awt=gtk --enable-gtk-cairo --with-java-home=/usr/lib/jvm/java-1.5.0-gcj-5-amd64/jre --enable-java-home --with-jvm-root-dir=/usr/lib/jvm/java-1.5.0-gcj-5-amd64 --with-jvm-jar-dir=/usr/lib/jvm-exports/java-1.5.0-gcj-5-amd64 --with-arch-directory=amd64 --with-ecj-jar=/usr/share/java/eclipse-ecj.jar --enable-objc-gc --enable-multiarch --disable-werror --with-arch-32=i686 --with-abi=m64 --with-multilib-list=m32,m64,mx32 --enable-multilib --with-tune=generic --enable-checking=release --build=x86_64-linux-gnu --host=x86_64-linux-gnu --target=x86_64-linux-gnu
Thread model: posix
gcc version 5.4.0 20160609 (Ubuntu 5.4.0-6ubuntu1~16.04.10) 
configure:3111: $? = 0
configure:3100: gcc -V >&5
gcc: error: unrecognized command line option '-V'
gcc: fatal error: no input files
compilation terminated.
configure:3111: $? = 1
configure:3100: gcc -qversion >&5
gcc: error: unrecognized command line option '-qversion'
gcc: fatal error: no input files
compilation terminated.
configure:3111: $? = 1
configure:3131: checking whether the C compiler works
configure:3153: gcc    conftest.c  >&5
configure:3157: $? = 0
configure:3205: result: yes
configure:3208: checking for C compiler default output file name
configure:3210: result: a.out
configure:3216: checking for suffix of executables
configure:3223: gcc -o conftest    conftest.c  >&5
configure:3227: $? = 0
configure:3249: result: 
configure:3271: checking whether we are cross compiling
configure:3279: gcc -o conftest    conftest.c  >&5
configure:3283: $? = 0
configure:3290: ./conftest
configure:3294: $? = 0
configure:3309: result: no
configure:3314: checking for suffix of object files
configure:3336: gcc -c   conftest.c >&5
configure:3340: $? = 0
configure:3361: result: o
configure:3365: checking whether we are using the GNU C compiler
configure:3384: gcc -c   conftest.c >&5
configure:3384: $? = 0
configure:3393: result: yes
configure:3402: checking whether gcc accepts -g
configure:3422: gcc -c -g  conftest.c >&5
configure:3422: $? = 0
configure:3463: result: yes
configure:3480: checking for gcc option to accept ISO C89
configure:3543: gcc  -c -g -O2  conftest.c >&5
configure:3543: $? = 0
configure:3556: result: none needed
configure:3587: checking for style of include used by make
configure:3615: result: GNU
configure:3641: checking dependency style of gcc
configure:3752: result: gcc3
configure:3825: checking for g++
configure:3841: found /usr/bin/g++
configure:3852: result: g++
configure:3879: checking for C++ compiler version
configure:3888: g++ --version >&5
g++ (Ubuntu 5.4.0-6ubuntu1~16.04.10) 5.4.0 20160609
Copyright (C) 2015 Free Software Foundation, Inc.
This is free software; see the source for copying conditions.  There is NO
warranty; not even for MERCHANTABILITY or FITNESS FOR A PARTICULAR PURPOSE.

configure:3899: $? = 0
configure:3888: g++ -v >&5
Using built-in specs.
COLLECT_GCC=g++
COLLECT_LTO_WRAPPER=/usr/lib/gcc/x86_64-linux-gnu/5/lto-wrapper
Target: x86_64-linux-gnu
Configured with: ../src/configure -v --with-pkgversion='Ubuntu 5.4.0-6ubuntu1~16.04.10' --with-bugurl=file:///usr/share/doc/gcc-5/README.Bugs --enable-languages=c,ada,c++,java,go,d,fortran,objc,obj-c++ --prefix=/usr --program-suffix=-5 --enable-shared --enable-linker-build-id --libexecdir=/usr/lib --without-included-gettext --enable-threads=posix --libdir=/usr/lib --enable-nls --with-sysroot=/ --enable-clocale=gnu --enable-libstdcxx-debug --enable-libstdcxx-time=yes --with-default-libstdcxx-abi=new --enable-gnu-unique-object --disable-vtable-verify --enable-libmpx --enable-plugin --with-system-zlib --disable-browser-plugin --enable-java-awt=gtk --enable-gtk-cairo --with-java-home=/usr/lib/jvm/java-1.5.0-gcj-5-amd64/jre --enable-java-home --with-jvm-root-dir=/usr/lib/jvm/java-1.5.0-gcj-5-amd64 --with-jvm-jar-dir=/usr/lib/jvm-exports/java-1.5.0-gcj-5-amd64 --with-arch-directory=amd64 --with-ecj-jar=/usr/share/java/eclipse-ecj.jar --enable-objc-gc --enable-multiarch --disable-werror --with-arch-32=i686 --with-abi=m64 --with-multilib-list=m32,m64,mx32 --enable-multilib --with-tune=generic --enable-checking=release --build=x86_64-linux-gnu --host=x86_64-linux-gnu --target=x86_64-linux-gnu
Thread model: posix
gcc version 5.4.0 20160609 (Ubuntu 5.4.0-6ubuntu1~16.04.10) 
configure:3899: $? = 0
configure:3888: g++ -V >&5
g++: error: unrecognized command line option '-V'
g++: fatal error: no input files
compilation terminated.
configure:3899: $? = 1
configure:3888: g++ -qversion >&5
g++: error: unrecognized command line option '-qversion'
g++: fatal error: no input files
compilation terminated.
configure:3899: $? = 1
configure:3903: checking whether we are using the GNU C++ compiler
configure:3922: g++ -c   conftest.cpp >&5
configure:3922: $? = 0
configure:3931: result: yes
configure:3940: checking whether g++ accepts -g
configure:3960: g++ -c -g  conftest.cpp >&5
configure:3960: $? = 0
configure:4001: result: yes
configure:4026: checking dependency style of g++
configure:4137: result: gcc3
configure:4187: checking build system type
configure:4201: result: x86_64-unknown-linux-gnu
configure:4221: checking host system type
configure:4234: result: x86_64-unknown-linux-gnu
configure:4275: checking how to print strings
configure:4302: result: printf
configure:4323: checking for a sed that does not truncate output
configure:4387: result: /bin/sed
configure:4405: checking for grep that handles long lines and -e
configure:4463: result: /bin/grep
configure:4468: checking for egrep
configure:4530: result: /bin/grep -E
configure:4535: checking for fgrep
configure:4597: result: /bin/grep -F
configure:4632: checking for ld used by gcc
configure:4699: result: /usr/bin/ld
configure:4706: checking if the linker (/usr/bin/ld) is GNU ld
configure:4721: result: yes
configure:4733: checking for BSD- or MS-compatible name lister (nm)
configure:4782: result: /usr/bin/nm -B
configure:4912: checking the name lister (/usr/bin/nm -B) interface
configure:4919: g++ -c -g -O2  conftest.cpp >&5
configure:4922: /usr/bin/nm -B "conftest.o"
configure:4925: output
0000000000000000 B some_variable
configure:4932: result: BSD nm
configure:4935: checking whether ln -s works
configure:4939: result: yes
configure:4947: checking the maximum length of command line arguments
<<<<<<< HEAD
configure:5077: result: 1572864
=======
configure:5077: result: 3458764513820540925
>>>>>>> dev
configure:5094: checking whether the shell understands some XSI constructs
configure:5104: result: yes
configure:5108: checking whether the shell understands "+="
configure:5114: result: yes
configure:5149: checking how to convert x86_64-unknown-linux-gnu file names to x86_64-unknown-linux-gnu format
configure:5189: result: func_convert_file_noop
configure:5196: checking how to convert x86_64-unknown-linux-gnu file names to toolchain format
configure:5216: result: func_convert_file_noop
configure:5223: checking for /usr/bin/ld option to reload object files
configure:5230: result: -r
configure:5304: checking for objdump
configure:5320: found /usr/bin/objdump
configure:5331: result: objdump
configure:5363: checking how to recognize dependent libraries
configure:5565: result: pass_all
configure:5650: checking for dlltool
configure:5680: result: no
configure:5710: checking how to associate runtime and link libraries
configure:5737: result: printf %s\n
configure:5798: checking for ar
configure:5814: found /usr/bin/ar
configure:5825: result: ar
configure:5862: checking for archiver @FILE support
configure:5879: g++ -c -g -O2  conftest.cpp >&5
configure:5879: $? = 0
configure:5882: ar cru libconftest.a @conftest.lst >&5
ar: `u' modifier ignored since `D' is the default (see `U')
configure:5885: $? = 0
configure:5890: ar cru libconftest.a @conftest.lst >&5
ar: `u' modifier ignored since `D' is the default (see `U')
ar: conftest.o: No such file or directory
configure:5893: $? = 1
configure:5905: result: @
configure:5963: checking for strip
configure:5979: found /usr/bin/strip
configure:5990: result: strip
configure:6062: checking for ranlib
configure:6078: found /usr/bin/ranlib
configure:6089: result: ranlib
configure:6191: checking command to parse /usr/bin/nm -B output from gcc object
configure:6311: g++ -c -g -O2  conftest.cpp >&5
configure:6314: $? = 0
configure:6318: /usr/bin/nm -B conftest.o \| sed -n -e 's/^.*[ ]\([ABCDGIRSTW][ABCDGIRSTW]*\)[ ][ ]*\([_A-Za-z][_A-Za-z0-9]*\)$/\1 \2 \2/p' | sed '/ __gnu_lto/d' \> conftest.nm
configure:6321: $? = 0
configure:6387: g++ -o conftest -g -O2   conftest.cpp conftstm.o >&5
configure:6390: $? = 0
configure:6428: result: ok
configure:6465: checking for sysroot
configure:6495: result: no
configure:6573: g++ -c -g -O2  conftest.cpp >&5
configure:6576: $? = 0
configure:6752: checking for mt
configure:6768: found /bin/mt
configure:6779: result: mt
configure:6802: checking if mt is a manifest tool
configure:6808: mt '-?'
configure:6816: result: no
configure:7458: checking how to run the C preprocessor
configure:7489: gcc -E  conftest.c
configure:7489: $? = 0
configure:7503: gcc -E  conftest.c
conftest.c:11:28: fatal error: ac_nonexistent.h: No such file or directory
compilation terminated.
configure:7503: $? = 1
configure: failed program was:
| /* confdefs.h */
| #define PACKAGE_NAME "Google C++ Testing Framework"
| #define PACKAGE_TARNAME "gtest"
| #define PACKAGE_VERSION "1.7.0"
| #define PACKAGE_STRING "Google C++ Testing Framework 1.7.0"
| #define PACKAGE_BUGREPORT "googletestframework@googlegroups.com"
| #define PACKAGE_URL ""
| #define PACKAGE "gtest"
| #define VERSION "1.7.0"
| /* end confdefs.h.  */
| #include <ac_nonexistent.h>
configure:7528: result: gcc -E
configure:7548: gcc -E  conftest.c
configure:7548: $? = 0
configure:7562: gcc -E  conftest.c
conftest.c:11:28: fatal error: ac_nonexistent.h: No such file or directory
compilation terminated.
configure:7562: $? = 1
configure: failed program was:
| /* confdefs.h */
| #define PACKAGE_NAME "Google C++ Testing Framework"
| #define PACKAGE_TARNAME "gtest"
| #define PACKAGE_VERSION "1.7.0"
| #define PACKAGE_STRING "Google C++ Testing Framework 1.7.0"
| #define PACKAGE_BUGREPORT "googletestframework@googlegroups.com"
| #define PACKAGE_URL ""
| #define PACKAGE "gtest"
| #define VERSION "1.7.0"
| /* end confdefs.h.  */
| #include <ac_nonexistent.h>
configure:7591: checking for ANSI C header files
configure:7611: gcc -c -g -O2  conftest.c >&5
configure:7611: $? = 0
configure:7684: gcc -o conftest -g -O2   conftest.c  >&5
configure:7684: $? = 0
configure:7684: ./conftest
configure:7684: $? = 0
configure:7695: result: yes
configure:7708: checking for sys/types.h
configure:7708: gcc -c -g -O2  conftest.c >&5
configure:7708: $? = 0
configure:7708: result: yes
configure:7708: checking for sys/stat.h
configure:7708: gcc -c -g -O2  conftest.c >&5
configure:7708: $? = 0
configure:7708: result: yes
configure:7708: checking for stdlib.h
configure:7708: gcc -c -g -O2  conftest.c >&5
configure:7708: $? = 0
configure:7708: result: yes
configure:7708: checking for string.h
configure:7708: gcc -c -g -O2  conftest.c >&5
configure:7708: $? = 0
configure:7708: result: yes
configure:7708: checking for memory.h
configure:7708: gcc -c -g -O2  conftest.c >&5
configure:7708: $? = 0
configure:7708: result: yes
configure:7708: checking for strings.h
configure:7708: gcc -c -g -O2  conftest.c >&5
configure:7708: $? = 0
configure:7708: result: yes
configure:7708: checking for inttypes.h
configure:7708: gcc -c -g -O2  conftest.c >&5
configure:7708: $? = 0
configure:7708: result: yes
configure:7708: checking for stdint.h
configure:7708: gcc -c -g -O2  conftest.c >&5
configure:7708: $? = 0
configure:7708: result: yes
configure:7708: checking for unistd.h
configure:7708: gcc -c -g -O2  conftest.c >&5
configure:7708: $? = 0
configure:7708: result: yes
configure:7722: checking for dlfcn.h
configure:7722: gcc -c -g -O2  conftest.c >&5
configure:7722: $? = 0
configure:7722: result: yes
configure:7938: checking for objdir
configure:7953: result: .libs
configure:8224: checking if gcc supports -fno-rtti -fno-exceptions
configure:8242: gcc -c -g -O2  -fno-rtti -fno-exceptions conftest.c >&5
cc1: warning: command line option '-fno-rtti' is valid for C++/ObjC++ but not for C
configure:8246: $? = 0
configure:8259: result: no
configure:8586: checking for gcc option to produce PIC
configure:8593: result: -fPIC -DPIC
configure:8601: checking if gcc PIC flag -fPIC -DPIC works
configure:8619: gcc -c -g -O2  -fPIC -DPIC -DPIC conftest.c >&5
configure:8623: $? = 0
configure:8636: result: yes
configure:8665: checking if gcc static flag -static works
configure:8693: result: yes
configure:8708: checking if gcc supports -c -o file.o
configure:8729: gcc -c -g -O2  -o out/conftest2.o conftest.c >&5
configure:8733: $? = 0
configure:8755: result: yes
configure:8763: checking if gcc supports -c -o file.o
configure:8810: result: yes
configure:8843: checking whether the gcc linker (/usr/bin/ld -m elf_x86_64) supports shared libraries
configure:10000: result: yes
configure:10037: checking whether -lc should be explicitly linked in
configure:10045: gcc -c -g -O2  conftest.c >&5
configure:10048: $? = 0
configure:10063: gcc -shared  -fPIC -DPIC conftest.o  -v -Wl,-soname -Wl,conftest -o conftest 2\>\&1 \| /bin/grep  -lc  \>/dev/null 2\>\&1
configure:10066: $? = 0
configure:10080: result: no
configure:10240: checking dynamic linker characteristics
configure:10751: gcc -o conftest -g -O2   -Wl,-rpath -Wl,/foo conftest.c  >&5
configure:10751: $? = 0
configure:10985: result: GNU/Linux ld.so
configure:11092: checking how to hardcode library paths into programs
configure:11117: result: immediate
configure:11657: checking whether stripping libraries is possible
configure:11662: result: yes
configure:11697: checking if libtool supports shared libraries
configure:11699: result: yes
configure:11702: checking whether to build shared libraries
configure:11723: result: yes
configure:11726: checking whether to build static libraries
configure:11730: result: yes
configure:11753: checking how to run the C++ preprocessor
configure:11780: g++ -E  conftest.cpp
configure:11780: $? = 0
configure:11794: g++ -E  conftest.cpp
conftest.cpp:23:28: fatal error: ac_nonexistent.h: No such file or directory
compilation terminated.
configure:11794: $? = 1
configure: failed program was:
| /* confdefs.h */
| #define PACKAGE_NAME "Google C++ Testing Framework"
| #define PACKAGE_TARNAME "gtest"
| #define PACKAGE_VERSION "1.7.0"
| #define PACKAGE_STRING "Google C++ Testing Framework 1.7.0"
| #define PACKAGE_BUGREPORT "googletestframework@googlegroups.com"
| #define PACKAGE_URL ""
| #define PACKAGE "gtest"
| #define VERSION "1.7.0"
| #define STDC_HEADERS 1
| #define HAVE_SYS_TYPES_H 1
| #define HAVE_SYS_STAT_H 1
| #define HAVE_STDLIB_H 1
| #define HAVE_STRING_H 1
| #define HAVE_MEMORY_H 1
| #define HAVE_STRINGS_H 1
| #define HAVE_INTTYPES_H 1
| #define HAVE_STDINT_H 1
| #define HAVE_UNISTD_H 1
| #define HAVE_DLFCN_H 1
| #define LT_OBJDIR ".libs/"
| /* end confdefs.h.  */
| #include <ac_nonexistent.h>
configure:11819: result: g++ -E
configure:11839: g++ -E  conftest.cpp
configure:11839: $? = 0
configure:11853: g++ -E  conftest.cpp
conftest.cpp:23:28: fatal error: ac_nonexistent.h: No such file or directory
compilation terminated.
configure:11853: $? = 1
configure: failed program was:
| /* confdefs.h */
| #define PACKAGE_NAME "Google C++ Testing Framework"
| #define PACKAGE_TARNAME "gtest"
| #define PACKAGE_VERSION "1.7.0"
| #define PACKAGE_STRING "Google C++ Testing Framework 1.7.0"
| #define PACKAGE_BUGREPORT "googletestframework@googlegroups.com"
| #define PACKAGE_URL ""
| #define PACKAGE "gtest"
| #define VERSION "1.7.0"
| #define STDC_HEADERS 1
| #define HAVE_SYS_TYPES_H 1
| #define HAVE_SYS_STAT_H 1
| #define HAVE_STDLIB_H 1
| #define HAVE_STRING_H 1
| #define HAVE_MEMORY_H 1
| #define HAVE_STRINGS_H 1
| #define HAVE_INTTYPES_H 1
| #define HAVE_STDINT_H 1
| #define HAVE_UNISTD_H 1
| #define HAVE_DLFCN_H 1
| #define LT_OBJDIR ".libs/"
| /* end confdefs.h.  */
| #include <ac_nonexistent.h>
configure:12022: checking for ld used by g++
configure:12089: result: /usr/bin/ld -m elf_x86_64
configure:12096: checking if the linker (/usr/bin/ld -m elf_x86_64) is GNU ld
configure:12111: result: yes
configure:12166: checking whether the g++ linker (/usr/bin/ld -m elf_x86_64) supports shared libraries
configure:13171: result: yes
configure:13207: g++ -c -g -O2  conftest.cpp >&5
configure:13210: $? = 0
configure:13730: checking for g++ option to produce PIC
configure:13737: result: -fPIC -DPIC
configure:13745: checking if g++ PIC flag -fPIC -DPIC works
configure:13763: g++ -c -g -O2  -fPIC -DPIC -DPIC conftest.cpp >&5
configure:13767: $? = 0
configure:13780: result: yes
configure:13803: checking if g++ static flag -static works
configure:13831: result: yes
configure:13843: checking if g++ supports -c -o file.o
configure:13864: g++ -c -g -O2  -o out/conftest2.o conftest.cpp >&5
configure:13868: $? = 0
configure:13890: result: yes
configure:13895: checking if g++ supports -c -o file.o
configure:13942: result: yes
configure:13972: checking whether the g++ linker (/usr/bin/ld -m elf_x86_64) supports shared libraries
configure:14011: result: yes
configure:14152: checking dynamic linker characteristics
configure:14831: result: GNU/Linux ld.so
configure:14884: checking how to hardcode library paths into programs
configure:14909: result: immediate
configure:14979: checking for python
configure:14997: found /usr/bin/python
configure:15010: result: /usr/bin/python
configure:15028: /usr/bin/python -c import sys # split strings by '.' and convert to numeric. Append some zeros # because we need at least 4 digits for the hex conversion. # map returns an iterator in Python 3.0 and a list in 2.x minver = list(map(int, '2.3'.split('.'))) + [0, 0, 0] minverhex = 0 # xrange is not present in Python 3.0 and range returns an iterator for i in list(range(0, 4)): minverhex = (minverhex << 8) + minver[i] sys.exit(sys.hexversion < minverhex)
configure:15031: $? = 0
configure:15224: checking for the pthreads library -lpthreads
configure:15257: gcc -o conftest -g -O2    conftest.c -lpthreads  >&5
conftest.c: In function 'main':
conftest.c:28:22: warning: null argument where non-null required (argument 1) [-Wnonnull]
                      pthread_attr_init(0); pthread_cleanup_push(0, 0);
                      ^
conftest.c:29:22: warning: null argument where non-null required (argument 1) [-Wnonnull]
                      pthread_create(0,0,0,0); pthread_cleanup_pop(0);
                      ^
conftest.c:29:22: warning: null argument where non-null required (argument 3) [-Wnonnull]
/usr/bin/ld: cannot find -lpthreads
collect2: error: ld returned 1 exit status
configure:15257: $? = 1
configure: failed program was:
| /* confdefs.h */
| #define PACKAGE_NAME "Google C++ Testing Framework"
| #define PACKAGE_TARNAME "gtest"
| #define PACKAGE_VERSION "1.7.0"
| #define PACKAGE_STRING "Google C++ Testing Framework 1.7.0"
| #define PACKAGE_BUGREPORT "googletestframework@googlegroups.com"
| #define PACKAGE_URL ""
| #define PACKAGE "gtest"
| #define VERSION "1.7.0"
| #define STDC_HEADERS 1
| #define HAVE_SYS_TYPES_H 1
| #define HAVE_SYS_STAT_H 1
| #define HAVE_STDLIB_H 1
| #define HAVE_STRING_H 1
| #define HAVE_MEMORY_H 1
| #define HAVE_STRINGS_H 1
| #define HAVE_INTTYPES_H 1
| #define HAVE_STDINT_H 1
| #define HAVE_UNISTD_H 1
| #define HAVE_DLFCN_H 1
| #define LT_OBJDIR ".libs/"
| /* end confdefs.h.  */
| #include <pthread.h>
| int
| main ()
| {
| pthread_t th; pthread_join(th, 0);
|                      pthread_attr_init(0); pthread_cleanup_push(0, 0);
|                      pthread_create(0,0,0,0); pthread_cleanup_pop(0);
|   ;
|   return 0;
| }
configure:15266: result: no
configure:15169: checking whether pthreads work without any flags
configure:15257: gcc -o conftest -g -O2    conftest.c   >&5
conftest.c: In function 'main':
conftest.c:28:22: warning: null argument where non-null required (argument 1) [-Wnonnull]
                      pthread_attr_init(0); pthread_cleanup_push(0, 0);
                      ^
conftest.c:29:22: warning: null argument where non-null required (argument 1) [-Wnonnull]
                      pthread_create(0,0,0,0); pthread_cleanup_pop(0);
                      ^
conftest.c:29:22: warning: null argument where non-null required (argument 3) [-Wnonnull]
<<<<<<< HEAD
/tmp/ccm1jRAs.o: In function `main':
/home/lemaker/open-source/Chameleon/3rdparty/gmock-1.7.0/gtest/conftest.c:27: undefined reference to `pthread_join'
/home/lemaker/open-source/Chameleon/3rdparty/gmock-1.7.0/gtest/conftest.c:28: undefined reference to `__pthread_register_cancel'
/home/lemaker/open-source/Chameleon/3rdparty/gmock-1.7.0/gtest/conftest.c:29: undefined reference to `pthread_create'
/home/lemaker/open-source/Chameleon/3rdparty/gmock-1.7.0/gtest/conftest.c:29: undefined reference to `__pthread_unregister_cancel'
=======
/tmp/ccap2itl.o: In function `main':
/home/marcie/chameleon/Chameleon/3rdparty/gmock-1.7.0/gtest/conftest.c:27: undefined reference to `pthread_join'
/home/marcie/chameleon/Chameleon/3rdparty/gmock-1.7.0/gtest/conftest.c:28: undefined reference to `__pthread_register_cancel'
/home/marcie/chameleon/Chameleon/3rdparty/gmock-1.7.0/gtest/conftest.c:29: undefined reference to `pthread_create'
/home/marcie/chameleon/Chameleon/3rdparty/gmock-1.7.0/gtest/conftest.c:29: undefined reference to `__pthread_unregister_cancel'
>>>>>>> dev
collect2: error: ld returned 1 exit status
configure:15257: $? = 1
configure: failed program was:
| /* confdefs.h */
| #define PACKAGE_NAME "Google C++ Testing Framework"
| #define PACKAGE_TARNAME "gtest"
| #define PACKAGE_VERSION "1.7.0"
| #define PACKAGE_STRING "Google C++ Testing Framework 1.7.0"
| #define PACKAGE_BUGREPORT "googletestframework@googlegroups.com"
| #define PACKAGE_URL ""
| #define PACKAGE "gtest"
| #define VERSION "1.7.0"
| #define STDC_HEADERS 1
| #define HAVE_SYS_TYPES_H 1
| #define HAVE_SYS_STAT_H 1
| #define HAVE_STDLIB_H 1
| #define HAVE_STRING_H 1
| #define HAVE_MEMORY_H 1
| #define HAVE_STRINGS_H 1
| #define HAVE_INTTYPES_H 1
| #define HAVE_STDINT_H 1
| #define HAVE_UNISTD_H 1
| #define HAVE_DLFCN_H 1
| #define LT_OBJDIR ".libs/"
| /* end confdefs.h.  */
| #include <pthread.h>
| int
| main ()
| {
| pthread_t th; pthread_join(th, 0);
|                      pthread_attr_init(0); pthread_cleanup_push(0, 0);
|                      pthread_create(0,0,0,0); pthread_cleanup_pop(0);
|   ;
|   return 0;
| }
configure:15266: result: no
configure:15174: checking whether pthreads work with -Kthread
configure:15257: gcc -o conftest -g -O2 -Kthread   conftest.c   >&5
gcc: error: unrecognized command line option '-Kthread'
configure:15257: $? = 1
configure: failed program was:
| /* confdefs.h */
| #define PACKAGE_NAME "Google C++ Testing Framework"
| #define PACKAGE_TARNAME "gtest"
| #define PACKAGE_VERSION "1.7.0"
| #define PACKAGE_STRING "Google C++ Testing Framework 1.7.0"
| #define PACKAGE_BUGREPORT "googletestframework@googlegroups.com"
| #define PACKAGE_URL ""
| #define PACKAGE "gtest"
| #define VERSION "1.7.0"
| #define STDC_HEADERS 1
| #define HAVE_SYS_TYPES_H 1
| #define HAVE_SYS_STAT_H 1
| #define HAVE_STDLIB_H 1
| #define HAVE_STRING_H 1
| #define HAVE_MEMORY_H 1
| #define HAVE_STRINGS_H 1
| #define HAVE_INTTYPES_H 1
| #define HAVE_STDINT_H 1
| #define HAVE_UNISTD_H 1
| #define HAVE_DLFCN_H 1
| #define LT_OBJDIR ".libs/"
| /* end confdefs.h.  */
| #include <pthread.h>
| int
| main ()
| {
| pthread_t th; pthread_join(th, 0);
|                      pthread_attr_init(0); pthread_cleanup_push(0, 0);
|                      pthread_create(0,0,0,0); pthread_cleanup_pop(0);
|   ;
|   return 0;
| }
configure:15266: result: no
configure:15174: checking whether pthreads work with -kthread
configure:15257: gcc -o conftest -g -O2 -kthread   conftest.c   >&5
gcc: error: unrecognized command line option '-kthread'
configure:15257: $? = 1
configure: failed program was:
| /* confdefs.h */
| #define PACKAGE_NAME "Google C++ Testing Framework"
| #define PACKAGE_TARNAME "gtest"
| #define PACKAGE_VERSION "1.7.0"
| #define PACKAGE_STRING "Google C++ Testing Framework 1.7.0"
| #define PACKAGE_BUGREPORT "googletestframework@googlegroups.com"
| #define PACKAGE_URL ""
| #define PACKAGE "gtest"
| #define VERSION "1.7.0"
| #define STDC_HEADERS 1
| #define HAVE_SYS_TYPES_H 1
| #define HAVE_SYS_STAT_H 1
| #define HAVE_STDLIB_H 1
| #define HAVE_STRING_H 1
| #define HAVE_MEMORY_H 1
| #define HAVE_STRINGS_H 1
| #define HAVE_INTTYPES_H 1
| #define HAVE_STDINT_H 1
| #define HAVE_UNISTD_H 1
| #define HAVE_DLFCN_H 1
| #define LT_OBJDIR ".libs/"
| /* end confdefs.h.  */
| #include <pthread.h>
| int
| main ()
| {
| pthread_t th; pthread_join(th, 0);
|                      pthread_attr_init(0); pthread_cleanup_push(0, 0);
|                      pthread_create(0,0,0,0); pthread_cleanup_pop(0);
|   ;
|   return 0;
| }
configure:15266: result: no
configure:15224: checking for the pthreads library -llthread
configure:15257: gcc -o conftest -g -O2    conftest.c -llthread  >&5
conftest.c: In function 'main':
conftest.c:28:22: warning: null argument where non-null required (argument 1) [-Wnonnull]
                      pthread_attr_init(0); pthread_cleanup_push(0, 0);
                      ^
conftest.c:29:22: warning: null argument where non-null required (argument 1) [-Wnonnull]
                      pthread_create(0,0,0,0); pthread_cleanup_pop(0);
                      ^
conftest.c:29:22: warning: null argument where non-null required (argument 3) [-Wnonnull]
/usr/bin/ld: cannot find -llthread
collect2: error: ld returned 1 exit status
configure:15257: $? = 1
configure: failed program was:
| /* confdefs.h */
| #define PACKAGE_NAME "Google C++ Testing Framework"
| #define PACKAGE_TARNAME "gtest"
| #define PACKAGE_VERSION "1.7.0"
| #define PACKAGE_STRING "Google C++ Testing Framework 1.7.0"
| #define PACKAGE_BUGREPORT "googletestframework@googlegroups.com"
| #define PACKAGE_URL ""
| #define PACKAGE "gtest"
| #define VERSION "1.7.0"
| #define STDC_HEADERS 1
| #define HAVE_SYS_TYPES_H 1
| #define HAVE_SYS_STAT_H 1
| #define HAVE_STDLIB_H 1
| #define HAVE_STRING_H 1
| #define HAVE_MEMORY_H 1
| #define HAVE_STRINGS_H 1
| #define HAVE_INTTYPES_H 1
| #define HAVE_STDINT_H 1
| #define HAVE_UNISTD_H 1
| #define HAVE_DLFCN_H 1
| #define LT_OBJDIR ".libs/"
| /* end confdefs.h.  */
| #include <pthread.h>
| int
| main ()
| {
| pthread_t th; pthread_join(th, 0);
|                      pthread_attr_init(0); pthread_cleanup_push(0, 0);
|                      pthread_create(0,0,0,0); pthread_cleanup_pop(0);
|   ;
|   return 0;
| }
configure:15266: result: no
configure:15174: checking whether pthreads work with -pthread
configure:15257: gcc -o conftest -g -O2 -pthread   conftest.c   >&5
conftest.c: In function 'main':
conftest.c:28:22: warning: null argument where non-null required (argument 1) [-Wnonnull]
                      pthread_attr_init(0); pthread_cleanup_push(0, 0);
                      ^
conftest.c:29:22: warning: null argument where non-null required (argument 1) [-Wnonnull]
                      pthread_create(0,0,0,0); pthread_cleanup_pop(0);
                      ^
conftest.c:29:22: warning: null argument where non-null required (argument 3) [-Wnonnull]
configure:15257: $? = 0
configure:15266: result: yes
configure:15285: checking for joinable pthread attribute
configure:15300: gcc -o conftest -g -O2 -pthread   conftest.c   >&5
configure:15300: $? = 0
configure:15306: result: PTHREAD_CREATE_JOINABLE
configure:15316: checking if more special flags are required for pthreads
configure:15323: result: no
configure:15412: checking whether to check for GCC pthread/shared inconsistencies
configure:15425: gcc -o conftest -shared -fPIC -Wl,-z,defs -g -O2 -pthread   conftest.c   >&5
configure:15425: $? = 0
configure:15437: result: yes
configure:15443: checking whether -pthread is sufficient with -shared
configure:15458: gcc -o conftest -shared -fPIC -Wl,-z,defs -g -O2 -pthread   conftest.c   >&5
conftest.c: In function 'main':
conftest.c:28:8: warning: null argument where non-null required (argument 1) [-Wnonnull]
        pthread_attr_init(0); pthread_cleanup_push(0, 0);
        ^
conftest.c:29:8: warning: null argument where non-null required (argument 1) [-Wnonnull]
        pthread_create(0,0,0,0); pthread_cleanup_pop(0);
        ^
conftest.c:29:8: warning: null argument where non-null required (argument 3) [-Wnonnull]
configure:15458: $? = 0
configure:15465: result: yes
configure:15747: creating ./config.status

<<<<<<< HEAD
## ---------------------- ##
## Running config.status. ##
## ---------------------- ##

This file was extended by Google C++ Testing Framework config.status 1.7.0, which was
generated by GNU Autoconf 2.69.  Invocation command line was

  CONFIG_FILES    = 
  CONFIG_HEADERS  = 
  CONFIG_LINKS    = 
  CONFIG_COMMANDS = 
  $ ./config.status 

on AMD-V

config.status:1151: creating Makefile
config.status:1151: creating scripts/gtest-config
config.status:1151: creating build-aux/config.h
config.status:1332: build-aux/config.h is unchanged
config.status:1380: executing depfiles commands
config.status:1380: executing libtool commands

=======
>>>>>>> dev
## ---------------- ##
## Cache variables. ##
## ---------------- ##

ac_cv_build=x86_64-unknown-linux-gnu
ac_cv_c_compiler_gnu=yes
ac_cv_cxx_compiler_gnu=yes
ac_cv_env_CCC_set=
ac_cv_env_CCC_value=
ac_cv_env_CC_set=
ac_cv_env_CC_value=
ac_cv_env_CFLAGS_set=
ac_cv_env_CFLAGS_value=
ac_cv_env_CPPFLAGS_set=
ac_cv_env_CPPFLAGS_value=
ac_cv_env_CPP_set=
ac_cv_env_CPP_value=
ac_cv_env_CXXCPP_set=
ac_cv_env_CXXCPP_value=
ac_cv_env_CXXFLAGS_set=
ac_cv_env_CXXFLAGS_value=
ac_cv_env_CXX_set=
ac_cv_env_CXX_value=
ac_cv_env_LDFLAGS_set=
ac_cv_env_LDFLAGS_value=
ac_cv_env_LIBS_set=
ac_cv_env_LIBS_value=
ac_cv_env_build_alias_set=
ac_cv_env_build_alias_value=
ac_cv_env_host_alias_set=
ac_cv_env_host_alias_value=
ac_cv_env_target_alias_set=
ac_cv_env_target_alias_value=
ac_cv_header_dlfcn_h=yes
ac_cv_header_inttypes_h=yes
ac_cv_header_memory_h=yes
ac_cv_header_stdc=yes
ac_cv_header_stdint_h=yes
ac_cv_header_stdlib_h=yes
ac_cv_header_string_h=yes
ac_cv_header_strings_h=yes
ac_cv_header_sys_stat_h=yes
ac_cv_header_sys_types_h=yes
ac_cv_header_unistd_h=yes
ac_cv_host=x86_64-unknown-linux-gnu
ac_cv_objext=o
ac_cv_path_EGREP='/bin/grep -E'
ac_cv_path_FGREP='/bin/grep -F'
ac_cv_path_GREP=/bin/grep
ac_cv_path_PYTHON=/usr/bin/python
ac_cv_path_SED=/bin/sed
ac_cv_path_install='/usr/bin/install -c'
ac_cv_path_mkdir=/bin/mkdir
<<<<<<< HEAD
ac_cv_prog_AWK=mawk
=======
ac_cv_prog_AWK=gawk
>>>>>>> dev
ac_cv_prog_CPP='gcc -E'
ac_cv_prog_CXXCPP='g++ -E'
ac_cv_prog_ac_ct_AR=ar
ac_cv_prog_ac_ct_CC=gcc
ac_cv_prog_ac_ct_CXX=g++
ac_cv_prog_ac_ct_MANIFEST_TOOL=mt
ac_cv_prog_ac_ct_OBJDUMP=objdump
ac_cv_prog_ac_ct_RANLIB=ranlib
ac_cv_prog_ac_ct_STRIP=strip
ac_cv_prog_cc_c89=
ac_cv_prog_cc_g=yes
ac_cv_prog_cxx_g=yes
ac_cv_prog_make_make_set=yes
am_cv_CC_dependencies_compiler_type=gcc3
am_cv_CXX_dependencies_compiler_type=gcc3
lt_cv_ar_at_file=@
lt_cv_archive_cmds_need_lc=no
lt_cv_deplibs_check_method=pass_all
lt_cv_file_magic_cmd='$MAGIC_CMD'
lt_cv_file_magic_test_file=
lt_cv_ld_reload_flag=-r
lt_cv_nm_interface='BSD nm'
lt_cv_objdir=.libs
lt_cv_path_LD=/usr/bin/ld
lt_cv_path_LDCXX='/usr/bin/ld -m elf_x86_64'
lt_cv_path_NM='/usr/bin/nm -B'
lt_cv_path_mainfest_tool=no
lt_cv_prog_compiler_c_o=yes
lt_cv_prog_compiler_c_o_CXX=yes
lt_cv_prog_compiler_pic='-fPIC -DPIC'
lt_cv_prog_compiler_pic_CXX='-fPIC -DPIC'
lt_cv_prog_compiler_pic_works=yes
lt_cv_prog_compiler_pic_works_CXX=yes
lt_cv_prog_compiler_rtti_exceptions=no
lt_cv_prog_compiler_static_works=yes
lt_cv_prog_compiler_static_works_CXX=yes
lt_cv_prog_gnu_ld=yes
lt_cv_prog_gnu_ldcxx=yes
lt_cv_sharedlib_from_linklib_cmd='printf %s\n'
lt_cv_shlibpath_overrides_runpath=no
lt_cv_sys_global_symbol_pipe='sed -n -e '\''s/^.*[	 ]\([ABCDGIRSTW][ABCDGIRSTW]*\)[	 ][	 ]*\([_A-Za-z][_A-Za-z0-9]*\)$/\1 \2 \2/p'\'' | sed '\''/ __gnu_lto/d'\'''
lt_cv_sys_global_symbol_to_c_name_address='sed -n -e '\''s/^: \([^ ]*\)[ ]*$/  {\"\1\", (void *) 0},/p'\'' -e '\''s/^[ABCDGIRSTW]* \([^ ]*\) \([^ ]*\)$/  {"\2", (void *) \&\2},/p'\'''
lt_cv_sys_global_symbol_to_c_name_address_lib_prefix='sed -n -e '\''s/^: \([^ ]*\)[ ]*$/  {\"\1\", (void *) 0},/p'\'' -e '\''s/^[ABCDGIRSTW]* \([^ ]*\) \(lib[^ ]*\)$/  {"\2", (void *) \&\2},/p'\'' -e '\''s/^[ABCDGIRSTW]* \([^ ]*\) \([^ ]*\)$/  {"lib\2", (void *) \&\2},/p'\'''
lt_cv_sys_global_symbol_to_cdecl='sed -n -e '\''s/^T .* \(.*\)$/extern int \1();/p'\'' -e '\''s/^[ABCDGIRSTW]* .* \(.*\)$/extern char \1;/p'\'''
<<<<<<< HEAD
lt_cv_sys_max_cmd_len=1572864
=======
lt_cv_sys_max_cmd_len=3458764513820540925
>>>>>>> dev
lt_cv_to_host_file_cmd=func_convert_file_noop
lt_cv_to_tool_file_cmd=func_convert_file_noop

## ----------------- ##
## Output variables. ##
## ----------------- ##

<<<<<<< HEAD
ACLOCAL='${SHELL} /home/lemaker/open-source/Chameleon/3rdparty/gmock-1.7.0/gtest/build-aux/missing --run aclocal-1.11'
=======
ACLOCAL='${SHELL} /home/marcie/chameleon/Chameleon/3rdparty/gmock-1.7.0/gtest/build-aux/missing --run aclocal-1.11'
>>>>>>> dev
AMDEPBACKSLASH='\'
AMDEP_FALSE='#'
AMDEP_TRUE=''
AMTAR='$${TAR-tar}'
AR='ar'
<<<<<<< HEAD
AUTOCONF='${SHELL} /home/lemaker/open-source/Chameleon/3rdparty/gmock-1.7.0/gtest/build-aux/missing --run autoconf'
AUTOHEADER='${SHELL} /home/lemaker/open-source/Chameleon/3rdparty/gmock-1.7.0/gtest/build-aux/missing --run autoheader'
AUTOMAKE='${SHELL} /home/lemaker/open-source/Chameleon/3rdparty/gmock-1.7.0/gtest/build-aux/missing --run automake-1.11'
AWK='mawk'
=======
AUTOCONF='${SHELL} /home/marcie/chameleon/Chameleon/3rdparty/gmock-1.7.0/gtest/build-aux/missing --run autoconf'
AUTOHEADER='${SHELL} /home/marcie/chameleon/Chameleon/3rdparty/gmock-1.7.0/gtest/build-aux/missing --run autoheader'
AUTOMAKE='${SHELL} /home/marcie/chameleon/Chameleon/3rdparty/gmock-1.7.0/gtest/build-aux/missing --run automake-1.11'
AWK='gawk'
>>>>>>> dev
CC='gcc'
CCDEPMODE='depmode=gcc3'
CFLAGS='-g -O2'
CPP='gcc -E'
CPPFLAGS=''
CXX='g++'
CXXCPP='g++ -E'
CXXDEPMODE='depmode=gcc3'
CXXFLAGS='-g -O2'
CYGPATH_W='echo'
DEFS='-DHAVE_CONFIG_H'
DEPDIR='.deps'
DLLTOOL='false'
DSYMUTIL=''
DUMPBIN=''
ECHO_C=''
ECHO_N='-n'
ECHO_T=''
EGREP='/bin/grep -E'
EXEEXT=''
FGREP='/bin/grep -F'
GREP='/bin/grep'
HAVE_PTHREADS_FALSE='#'
HAVE_PTHREADS_TRUE=''
HAVE_PYTHON_FALSE='#'
HAVE_PYTHON_TRUE=''
INSTALL_DATA='${INSTALL} -m 644'
INSTALL_PROGRAM='${INSTALL}'
INSTALL_SCRIPT='${INSTALL}'
INSTALL_STRIP_PROGRAM='$(install_sh) -c -s'
LD='/usr/bin/ld -m elf_x86_64'
LDFLAGS=''
LIBOBJS=''
LIBS=''
LIBTOOL='$(SHELL) $(top_builddir)/libtool'
LIPO=''
LN_S='ln -s'
LTLIBOBJS=''
<<<<<<< HEAD
MAKEINFO='${SHELL} /home/lemaker/open-source/Chameleon/3rdparty/gmock-1.7.0/gtest/build-aux/missing --run makeinfo'
=======
MAKEINFO='${SHELL} /home/marcie/chameleon/Chameleon/3rdparty/gmock-1.7.0/gtest/build-aux/missing --run makeinfo'
>>>>>>> dev
MANIFEST_TOOL=':'
MKDIR_P='/bin/mkdir -p'
NM='/usr/bin/nm -B'
NMEDIT=''
OBJDUMP='objdump'
OBJEXT='o'
OTOOL64=''
OTOOL=''
PACKAGE='gtest'
PACKAGE_BUGREPORT='googletestframework@googlegroups.com'
PACKAGE_NAME='Google C++ Testing Framework'
PACKAGE_STRING='Google C++ Testing Framework 1.7.0'
PACKAGE_TARNAME='gtest'
PACKAGE_URL=''
PACKAGE_VERSION='1.7.0'
PATH_SEPARATOR=':'
PTHREAD_CC='gcc'
PTHREAD_CFLAGS='-pthread'
PTHREAD_LIBS=''
PYTHON='/usr/bin/python'
RANLIB='ranlib'
SED='/bin/sed'
SET_MAKE=''
SHELL='/bin/bash'
STRIP='strip'
VERSION='1.7.0'
ac_ct_AR='ar'
ac_ct_CC='gcc'
ac_ct_CXX='g++'
ac_ct_DUMPBIN=''
acx_pthread_config=''
am__EXEEXT_FALSE=''
am__EXEEXT_TRUE='#'
am__fastdepCC_FALSE='#'
am__fastdepCC_TRUE=''
am__fastdepCXX_FALSE='#'
am__fastdepCXX_TRUE=''
am__include='include'
am__isrc=''
am__leading_dot='.'
am__nodep='_no'
am__quote=''
am__tar='$${TAR-tar} chof - "$$tardir"'
am__untar='$${TAR-tar} xf -'
bindir='${exec_prefix}/bin'
build='x86_64-unknown-linux-gnu'
build_alias=''
build_cpu='x86_64'
build_os='linux-gnu'
build_vendor='unknown'
datadir='${datarootdir}'
datarootdir='${prefix}/share'
docdir='${datarootdir}/doc/${PACKAGE_TARNAME}'
dvidir='${docdir}'
exec_prefix='${prefix}'
host='x86_64-unknown-linux-gnu'
host_alias=''
host_cpu='x86_64'
host_os='linux-gnu'
host_vendor='unknown'
htmldir='${docdir}'
includedir='${prefix}/include'
infodir='${datarootdir}/info'
<<<<<<< HEAD
install_sh='${SHELL} /home/lemaker/open-source/Chameleon/3rdparty/gmock-1.7.0/gtest/build-aux/install-sh'
=======
install_sh='${SHELL} /home/marcie/chameleon/Chameleon/3rdparty/gmock-1.7.0/gtest/build-aux/install-sh'
>>>>>>> dev
libdir='${exec_prefix}/lib'
libexecdir='${exec_prefix}/libexec'
localedir='${datarootdir}/locale'
localstatedir='${prefix}/var'
mandir='${datarootdir}/man'
mkdir_p='/bin/mkdir -p'
oldincludedir='/usr/include'
pdfdir='${docdir}'
prefix='/usr/local'
program_transform_name='s,x,x,'
psdir='${docdir}'
runstatedir='${localstatedir}/run'
sbindir='${exec_prefix}/sbin'
sharedstatedir='${prefix}/com'
sysconfdir='${prefix}/etc'
target_alias=''

## ----------- ##
## confdefs.h. ##
## ----------- ##

/* confdefs.h */
#define PACKAGE_NAME "Google C++ Testing Framework"
#define PACKAGE_TARNAME "gtest"
#define PACKAGE_VERSION "1.7.0"
#define PACKAGE_STRING "Google C++ Testing Framework 1.7.0"
#define PACKAGE_BUGREPORT "googletestframework@googlegroups.com"
#define PACKAGE_URL ""
#define PACKAGE "gtest"
#define VERSION "1.7.0"
#define STDC_HEADERS 1
#define HAVE_SYS_TYPES_H 1
#define HAVE_SYS_STAT_H 1
#define HAVE_STDLIB_H 1
#define HAVE_STRING_H 1
#define HAVE_MEMORY_H 1
#define HAVE_STRINGS_H 1
#define HAVE_INTTYPES_H 1
#define HAVE_STDINT_H 1
#define HAVE_UNISTD_H 1
#define HAVE_DLFCN_H 1
#define LT_OBJDIR ".libs/"
#define HAVE_PTHREAD 1

configure: exit 0
<<<<<<< HEAD
=======

## ---------------------- ##
## Running config.status. ##
## ---------------------- ##

This file was extended by Google C++ Testing Framework config.status 1.7.0, which was
generated by GNU Autoconf 2.69.  Invocation command line was

  CONFIG_FILES    = 
  CONFIG_HEADERS  = 
  CONFIG_LINKS    = 
  CONFIG_COMMANDS = 
  $ ./config.status 

on ma-siat

config.status:1151: creating Makefile
config.status:1151: creating scripts/gtest-config
config.status:1151: creating build-aux/config.h
config.status:1332: build-aux/config.h is unchanged
config.status:1380: executing depfiles commands
config.status:1380: executing libtool commands
>>>>>>> dev
